  *******************************************
  *                                         *
  *        W E L C O M E  to  R O O T       *
  *                                         *
  *   Version   5.30/00      27 June 2011   *
  *                                         *
  *  You are welcome to visit our Web site  *
  *          http://root.cern.ch            *
  *                                         *
  *******************************************

ROOT 5.30/00 (tags/v5-30-00@40062, Jun 28 2011, 11:49:57 on win32)

CINT/ROOT C/C++ Interpreter version 5.18.00, July 2, 2010
Type ? for help. Commands must be C++ statements.
Enclose multiple statements between { }.


 --- Welcome to the ROOT general session --- 

 === All Pythia6 and MathMore libraries loaded by default === 

 *** Start at Mon Feb 11 02:11:58 2019 ***


Processing ex1.cc...
 *NcAstrolab::Data* Name : WSRT Title : The Westerbork Synthesis Radio Telescope
 Lab position longitude : 6d 36' 12.73" latitude : 52d 54' 54.32"
 Lab time offset w.r.t. UT : 00:26:24.849333333333
 Tue, 06 Sep 2011 21:10:34.398952600011 (UT)  20:13:00.593321229214 (GMST)
 Tue, 06 Sep 2011 21:36:59.248285933340 (LT)  20:39:25.442654562542 (LMST)
 Cumulated (TAI-UTC) leap seconds:  34 UT-UTC : -0.301047 sec. (IERS database)
 Tue, 06 Sep 2011 21:11:08.700000000011 (TAI) 21:10:34.700000000011 (UTC)
                  21:10:49.700000000011 (GPS) 21:11:40.884000000011 (TT)
 ------------------
 *** The internal NcRandom randomiser is currently not intialised ***
 Automatic initialisation will be performed with the actual timestamp at the first random number request.
 This will ensure different random sequences for different NcAstrolab instances.
 To obtain reproducible scrambled results, please invoke SetRandomiser() before the first SetSignal() invokation.
 ------------------

M31 Horizontal azi : 80.68999 deg alt : 48.28844 deg LAHA : 19h 56m 4.81641s
 ----------------------
M31 Equatorial (J2000) a : 0h 42m 42.00000s d : 41d 16' 0.00000" LAHA : 19h 56m 4.81641s
 ----------------------
M31 Equatorial (M) a : 0h 43m 20.47546s d : 41d 19' 49.98526" LMHA : 19h 56m 4.96718s
 ----------------------
M31 Equatorial (T) a : 0h 43m 21.70991s d : 41d 19' 56.66950" LAHA : 19h 56m 4.81641s
 ----------------------
M31 Galactic l : 121.17418 deg b : -21.57455 deg LMHA : 19h 56m 4.96718s
 ----------------------


 --- ROOT session ended --- 

 *** Started at Mon Feb 11 02:11:58 2019 ***

 *** Stopped at Mon Feb 11 02:11:58 2019 ***

